[ERROR][redis.go:35]2020/01/05 16:50:39 [get redis value err:  redis: nil]
[DEBUG][pub.go:37]2020/01/05 16:50:39 [获取redis失败： redis: nil]
[INFO][greens.go:21]2020/01/05 16:50:39 [0]
[INFO][greens.go:22]2020/01/05 16:50:39 [{0 0 红色哥们 1 2  true 1  false 0001-01-01 00:00:00 +0000 UTC 0001-01-01 00:00:00 +0000 UTC}]
[INFO][greens.go:21]2020/01/05 16:51:28 [1]
[INFO][greens.go:22]2020/01/05 16:51:28 [{0 0 红色哥们 1 2  true 1  false 0001-01-01 00:00:00 +0000 UTC 0001-01-01 00:00:00 +0000 UTC}]
[DEBUG][greens.go:69]2020/01/05 17:01:03 [SQL ERR:  Error 1054: Unknown column 'category_id' in 'field list']
[DEBUG][greens.go:57]2020/01/05 17:10:58 [SQL ERR:  Error 1054: Unknown column 'g.category' in 'on clause']
[DEBUG][greens.go:57]2020/01/05 17:11:28 [SQL ERR:  Error 1054: Unknown column 'g.category' in 'on clause']
[ERROR][redis.go:35]2020/01/05 17:29:08 [get redis value err:  redis: nil]
[DEBUG][pub.go:37]2020/01/05 17:29:08 [获取redis失败： redis: nil]
[ERROR][redis.go:35]2020/01/05 17:29:13 [get redis value err:  redis: nil]
[DEBUG][pub.go:37]2020/01/05 17:29:13 [获取redis失败： redis: nil]
[ERROR][redis.go:35]2020/01/05 17:30:49 [get redis value err:  redis: nil]
[DEBUG][pub.go:37]2020/01/05 17:30:49 [获取redis失败： redis: nil]
[ERROR][redis.go:35]2020/01/05 17:36:01 [get redis value err:  redis: nil]
[DEBUG][pub.go:37]2020/01/05 17:36:01 [获取redis失败： redis: nil]
[ERROR][redis.go:35]2020/01/05 17:36:30 [get redis value err:  redis: nil]
[DEBUG][pub.go:37]2020/01/05 17:36:30 [获取redis失败： redis: nil]
[ERROR][redis.go:35]2020/01/05 17:53:28 [get redis value err:  redis: nil]
[DEBUG][pub.go:37]2020/01/05 17:53:28 [获取redis失败： redis: nil]
[ERROR][redis.go:35]2020/01/05 17:53:34 [get redis value err:  redis: nil]
[DEBUG][pub.go:37]2020/01/05 17:53:34 [获取redis失败： redis: nil]
